2014/04/04 20:48:02 [error] [system.db.CDbCommand] CDbCommand::fetchAll() failed: SQLSTATE[42S02]: Base table or view not found: 1146 Table 'adventure-time.page_item' doesn't exist. The SQL statement executed was: SHOW FULL COLUMNS FROM `page_item`.
in /var/www/adventure-time/web/protected/modules/base/models/ActiveRecord.php (231)
in /var/www/adventure-time/web/protected/modules/base/modules/page/models/PageItem.php (59)
in /var/www/adventure-time/web/protected/modules/base/controllers/Controller.php (36)
2014/04/04 20:48:02 [error] [exception.CDbException] exception 'CDbException' with message 'The table "{{page_item}}" for active record class "PageItem" cannot be found in the database.' in /var/www/adventure-time/web/protected/vendors/framework/yiilite.php:7936
Stack trace:
#0 /var/www/adventure-time/web/protected/vendors/framework/yiilite.php(7045): CActiveRecordMetaData->__construct(Object(PageItem))
#1 /var/www/adventure-time/web/protected/modules/base/models/ActiveRecord.php(231): CActiveRecord::model('PageItem')
#2 /var/www/adventure-time/web/protected/modules/base/modules/page/models/PageItem.php(59): ActiveRecord::model()
#3 /var/www/adventure-time/web/protected/modules/base/controllers/Controller.php(36): PageItem::getCurrentPage()
#4 /var/www/adventure-time/web/protected/vendors/framework/yiilite.php(581): Controller->getPage()
#5 /var/www/adventure-time/web/protected/modules/base/modules/page/controllers/DefaultController.php(7): CComponent->__get('page')
#6 /var/www/adventure-time/web/protected/vendors/framework/yiilite.php(3891): DefaultController->actionView()
#7 /var/www/adventure-time/web/protected/vendors/framework/yiilite.php(3403): CInlineAction->runWithParams(Array)
#8 /var/www/adventure-time/web/protected/vendors/framework/yiilite.php(3388): CController->runAction(Object(CInlineAction))
#9 /var/www/adventure-time/web/protected/vendors/framework/yiilite.php(3378): CController->runActionWithFilters(Object(CInlineAction), Array)
#10 /var/www/adventure-time/web/protected/vendors/framework/yiilite.php(1725): CController->run('view')
#11 /var/www/adventure-time/web/protected/vendors/framework/yiilite.php(1645): CWebApplication->runController('page/default/vi...')
#12 /var/www/adventure-time/web/protected/vendors/framework/yiilite.php(1170): CWebApplication->processRequest()
#13 /var/www/adventure-time/web/index.php(21): CApplication->run()
#14 {main}
REQUEST_URI=/
---
2014/04/04 21:34:14 [error] [system.db.CDbCommand] CDbCommand::fetchAll() failed: SQLSTATE[42S02]: Base table or view not found: 1146 Table 'adventure-time.node_item' doesn't exist. The SQL statement executed was: SHOW FULL COLUMNS FROM `node_item`.
in /var/www/adventure-time/web/protected/modules/base/models/ActiveRecord.php (231)
in /var/www/adventure-time/web/protected/modules/node/models/NodeItem.php (35)
in /var/www/adventure-time/web/protected/modules/node/widgets/MainNodesWidget.php (12)
2014/04/04 21:34:14 [error] [exception.CDbException] exception 'CDbException' with message 'The table "{{node_item}}" for active record class "NodeItem" cannot be found in the database.' in /var/www/adventure-time/web/protected/vendors/framework/yiilite.php:7936
Stack trace:
#0 /var/www/adventure-time/web/protected/vendors/framework/yiilite.php(7045): CActiveRecordMetaData->__construct(Object(NodeItem))
#1 /var/www/adventure-time/web/protected/modules/base/models/ActiveRecord.php(231): CActiveRecord::model('NodeItem')
#2 /var/www/adventure-time/web/protected/modules/node/models/NodeItem.php(35): ActiveRecord::model()
#3 /var/www/adventure-time/web/protected/modules/node/widgets/MainNodesWidget.php(12): NodeItem::userNode()
#4 /var/www/adventure-time/web/protected/vendors/framework/yiilite.php(3277): MainNodesWidget->run()
#5 /var/www/adventure-time/web/protected/modules/base/modules/page/views/layouts/index.php(7): CBaseController->widget('application.mod...')
#6 /var/www/adventure-time/web/protected/vendors/framework/yiilite.php(3252): require('/var/www/advent...')
#7 /var/www/adventure-time/web/protected/vendors/framework/yiilite.php(3231): CBaseController->renderInternal('/var/www/advent...', Array, true)
#8 /var/www/adventure-time/web/protected/vendors/framework/yiilite.php(3625): CBaseController->renderFile('/var/www/advent...', Array, true)
#9 /var/www/adventure-time/web/protected/modules/base/controllers/Controller.php(64): CController->render('view', Array, false, false)
#10 /var/www/adventure-time/web/protected/modules/base/modules/page/controllers/DefaultController.php(15): Controller->render('view', Array)
#11 /var/www/adventure-time/web/protected/vendors/framework/yiilite.php(3891): DefaultController->actionView()
#12 /var/www/adventure-time/web/protected/vendors/framework/yiilite.php(3403): CInlineAction->runWithParams(Array)
#13 /var/www/adventure-time/web/protected/vendors/framework/yiilite.php(3388): CController->runAction(Object(CInlineAction))
#14 /var/www/adventure-time/web/protected/vendors/framework/yiilite.php(3378): CController->runActionWithFilters(Object(CInlineAction), Array)
#15 /var/www/adventure-time/web/protected/vendors/framework/yiilite.php(1725): CController->run('view')
#16 /var/www/adventure-time/web/protected/vendors/framework/yiilite.php(1645): CWebApplication->runController('page/default/vi...')
#17 /var/www/adventure-time/web/protected/vendors/framework/yiilite.php(1170): CWebApplication->processRequest()
#18 /var/www/adventure-time/web/index.php(21): CApplication->run()
#19 {main}
REQUEST_URI=/
HTTP_REFERER=http://adventure-time.dev/
---
2014/04/04 21:50:06 [error] [exception.CHttpException.404] exception 'CHttpException' with message 'Unable to resolve the request "api/apiDefault/search".' in /var/www/adventure-time/web/protected/vendors/framework/yiilite.php:1729
Stack trace:
#0 /var/www/adventure-time/web/protected/vendors/framework/yiilite.php(1645): CWebApplication->runController('api/apiDefault/...')
#1 /var/www/adventure-time/web/protected/vendors/framework/yiilite.php(1170): CWebApplication->processRequest()
#2 /var/www/adventure-time/web/index.php(21): CApplication->run()
#3 {main}
REQUEST_URI=/api/search
---
2014/04/04 21:50:22 [error] [exception.CHttpException.404] exception 'CHttpException' with message 'Unable to resolve the request "api/apiDefault/search".' in /var/www/adventure-time/web/protected/vendors/framework/yiilite.php:1729
Stack trace:
#0 /var/www/adventure-time/web/protected/vendors/framework/yiilite.php(1645): CWebApplication->runController('api/apiDefault/...')
#1 /var/www/adventure-time/web/protected/vendors/framework/yiilite.php(1170): CWebApplication->processRequest()
#2 /var/www/adventure-time/web/index.php(21): CApplication->run()
#3 {main}
REQUEST_URI=/api/search
---
2014/04/05 10:47:54 [error] [php] Undefined index: key (/var/www/adventure-time/web/protected/modules/api/controllers/ApiDefaultController.php:67)
Stack trace:
#0 /var/www/adventure-time/web/protected/vendors/framework/yiilite.php(3388): ApiDefaultController->runAction()
#1 /var/www/adventure-time/web/protected/vendors/framework/yiilite.php(3378): ApiDefaultController->runActionWithFilters()
#2 /var/www/adventure-time/web/protected/vendors/framework/yiilite.php(1725): ApiDefaultController->run()
#3 /var/www/adventure-time/web/protected/vendors/framework/yiilite.php(1645): CWebApplication->runController()
#4 /var/www/adventure-time/web/protected/vendors/framework/yiilite.php(1170): CWebApplication->processRequest()
#5 /var/www/adventure-time/web/index.php(21): CWebApplication->run()
REQUEST_URI=/api/testHotel
in /var/www/adventure-time/web/protected/modules/api/controllers/ApiDefaultController.php (67)
in /var/www/adventure-time/web/index.php (21)
2014/04/05 14:06:34 [error] [exception.CHttpException.404] exception 'CHttpException' with message 'The system is unable to find the requested action "testFlightPrice".' in /var/www/adventure-time/web/protected/vendors/framework/yiilite.php:3501
Stack trace:
#0 /var/www/adventure-time/web/protected/vendors/framework/yiilite.php(3383): CController->missingAction('testFlightPrice')
#1 /var/www/adventure-time/web/protected/vendors/framework/yiilite.php(1725): CController->run('testFlightPrice')
#2 /var/www/adventure-time/web/protected/vendors/framework/yiilite.php(1645): CWebApplication->runController('api/apiDefault/...')
#3 /var/www/adventure-time/web/protected/vendors/framework/yiilite.php(1170): CWebApplication->processRequest()
#4 /var/www/adventure-time/web/index.php(21): CApplication->run()
#5 {main}
REQUEST_URI=/api/testFlightPrice
---
2014/04/05 15:49:48 [error] [php] include(/var/www/adventure-time/web/protected/modules/api/extenstions/_destinations.php): failed to open stream: No such file or directory (/var/www/adventure-time/web/protected/modules/api/controllers/ApiDefaultController.php:55)
Stack trace:
#0 /var/www/adventure-time/web/protected/vendors/framework/yiilite.php(3403): CInlineAction->runWithParams()
#1 /var/www/adventure-time/web/protected/vendors/framework/yiilite.php(3388): ApiDefaultController->runAction()
#2 /var/www/adventure-time/web/protected/vendors/framework/yiilite.php(3378): ApiDefaultController->runActionWithFilters()
#3 /var/www/adventure-time/web/protected/vendors/framework/yiilite.php(1725): ApiDefaultController->run()
#4 /var/www/adventure-time/web/protected/vendors/framework/yiilite.php(1645): CWebApplication->runController()
#5 /var/www/adventure-time/web/protected/vendors/framework/yiilite.php(1170): CWebApplication->processRequest()
#6 /var/www/adventure-time/web/index.php(21): CWebApplication->run()
REQUEST_URI=/api/testFligthPrice
in /var/www/adventure-time/web/protected/modules/api/controllers/ApiDefaultController.php (55)
in /var/www/adventure-time/web/protected/modules/api/controllers/ApiDefaultController.php (55)
in /var/www/adventure-time/web/index.php (21)
2014/04/05 15:50:29 [error] [php] include(/var/www/adventure-time/web/protected/modules/api/extenstions/_destinations.php): failed to open stream: No such file or directory (/var/www/adventure-time/web/protected/modules/api/controllers/ApiDefaultController.php:55)
Stack trace:
#0 /var/www/adventure-time/web/protected/vendors/framework/yiilite.php(3403): CInlineAction->runWithParams()
#1 /var/www/adventure-time/web/protected/vendors/framework/yiilite.php(3388): ApiDefaultController->runAction()
#2 /var/www/adventure-time/web/protected/vendors/framework/yiilite.php(3378): ApiDefaultController->runActionWithFilters()
#3 /var/www/adventure-time/web/protected/vendors/framework/yiilite.php(1725): ApiDefaultController->run()
#4 /var/www/adventure-time/web/protected/vendors/framework/yiilite.php(1645): CWebApplication->runController()
#5 /var/www/adventure-time/web/protected/vendors/framework/yiilite.php(1170): CWebApplication->processRequest()
#6 /var/www/adventure-time/web/index.php(21): CWebApplication->run()
REQUEST_URI=/api/testFligthPrice
in /var/www/adventure-time/web/protected/modules/api/controllers/ApiDefaultController.php (55)
in /var/www/adventure-time/web/protected/modules/api/controllers/ApiDefaultController.php (55)
in /var/www/adventure-time/web/index.php (21)
2014/04/05 17:00:05 [error] [php] Undefined index: destinationId     (/var/www/adventure-time/web/protected/modules/api/controllers/ApiDefaultController.php:102)
Stack trace:
#0 /var/www/adventure-time/web/protected/vendors/framework/yiilite.php(3889): CInlineAction->runWithParamsInternal()
#1 /var/www/adventure-time/web/protected/vendors/framework/yiilite.php(3403): CInlineAction->runWithParams()
#2 /var/www/adventure-time/web/protected/vendors/framework/yiilite.php(3388): ApiDefaultController->runAction()
#3 /var/www/adventure-time/web/protected/vendors/framework/yiilite.php(3378): ApiDefaultController->runActionWithFilters()
#4 /var/www/adventure-time/web/protected/vendors/framework/yiilite.php(1725): ApiDefaultController->run()
#5 /var/www/adventure-time/web/protected/vendors/framework/yiilite.php(1645): CWebApplication->runController()
#6 /var/www/adventure-time/web/protected/vendors/framework/yiilite.php(1170): CWebApplication->processRequest()
#7 /var/www/adventure-time/web/index.php(21): CWebApplication->run()
REQUEST_URI=/api/testHotel
in /var/www/adventure-time/web/protected/modules/api/controllers/ApiDefaultController.php (102)
in /var/www/adventure-time/web/index.php (21)
2014/04/05 20:11:43 [error] [php] array_intersect_key(): Argument #1 is not an array (/var/www/adventure-time/web/protected/modules/api/extensions/hotelSearch/PTHotelSearch.php:59)
Stack trace:
#0 /var/www/adventure-time/web/protected/modules/api/controllers/ApiDefaultController.php(110): PTHotelSearch->process()
#1 /var/www/adventure-time/web/protected/vendors/framework/yiilite.php(3891): ApiDefaultController->actionTestHotel2()
#2 /var/www/adventure-time/web/protected/vendors/framework/yiilite.php(3403): CInlineAction->runWithParams()
#3 /var/www/adventure-time/web/protected/vendors/framework/yiilite.php(3388): ApiDefaultController->runAction()
#4 /var/www/adventure-time/web/protected/vendors/framework/yiilite.php(3378): ApiDefaultController->runActionWithFilters()
#5 /var/www/adventure-time/web/protected/vendors/framework/yiilite.php(1725): ApiDefaultController->run()
#6 /var/www/adventure-time/web/protected/vendors/framework/yiilite.php(1645): CWebApplication->runController()
#7 /var/www/adventure-time/web/protected/vendors/framework/yiilite.php(1170): CWebApplication->processRequest()
#8 /var/www/adventure-time/web/index.php(21): CWebApplication->run()
REQUEST_URI=/api/testHotel2
in /var/www/adventure-time/web/protected/modules/api/extensions/hotelSearch/PTHotelSearch.php (59)
in /var/www/adventure-time/web/protected/modules/api/extensions/hotelSearch/PTHotelSearch.php (25)
in /var/www/adventure-time/web/protected/modules/api/controllers/ApiDefaultController.php (110)
2014/04/05 20:12:48 [error] [php] Undefined variable: hote (/var/www/adventure-time/web/protected/modules/api/extensions/hotelSearch/PTHotelSearch.php:78)
Stack trace:
#0 /var/www/adventure-time/web/protected/vendors/framework/yiilite.php(3891): ApiDefaultController->actionTestHotel2()
#1 /var/www/adventure-time/web/protected/vendors/framework/yiilite.php(3403): CInlineAction->runWithParams()
#2 /var/www/adventure-time/web/protected/vendors/framework/yiilite.php(3388): ApiDefaultController->runAction()
#3 /var/www/adventure-time/web/protected/vendors/framework/yiilite.php(3378): ApiDefaultController->runActionWithFilters()
#4 /var/www/adventure-time/web/protected/vendors/framework/yiilite.php(1725): ApiDefaultController->run()
#5 /var/www/adventure-time/web/protected/vendors/framework/yiilite.php(1645): CWebApplication->runController()
#6 /var/www/adventure-time/web/protected/vendors/framework/yiilite.php(1170): CWebApplication->processRequest()
#7 /var/www/adventure-time/web/index.php(21): CWebApplication->run()
REQUEST_URI=/api/testHotel2
in /var/www/adventure-time/web/protected/modules/api/extensions/hotelSearch/PTHotelSearch.php (78)
in /var/www/adventure-time/web/protected/modules/api/extensions/hotelSearch/PTHotelSearch.php (28)
in /var/www/adventure-time/web/protected/modules/api/controllers/ApiDefaultController.php (110)
2014/04/05 23:46:57 [error] [php] Array to string conversion (/var/www/adventure-time/web/protected/modules/api/extensions/hotelSearch/TPMobileApi.php:55)
Stack trace:
#0 /var/www/adventure-time/web/protected/modules/api/controllers/ApiDefaultController.php(40): PTHotelSearch->process()
#1 /var/www/adventure-time/web/protected/vendors/framework/yiilite.php(3891): ApiDefaultController->actionSearch()
#2 /var/www/adventure-time/web/protected/vendors/framework/yiilite.php(3403): CInlineAction->runWithParams()
#3 /var/www/adventure-time/web/protected/vendors/framework/yiilite.php(3388): ApiDefaultController->runAction()
#4 /var/www/adventure-time/web/protected/vendors/framework/yiilite.php(3378): ApiDefaultController->runActionWithFilters()
#5 /var/www/adventure-time/web/protected/vendors/framework/yiilite.php(1725): ApiDefaultController->run()
#6 /var/www/adventure-time/web/protected/vendors/framework/yiilite.php(1645): CWebApplication->runController()
#7 /var/www/adventure-time/web/protected/vendors/framework/yiilite.php(1170): CWebApplication->processRequest()
#8 /var/www/adventure-time/web/index.php(21): CWebApplication->run()
REQUEST_URI=/api/search
in /var/www/adventure-time/web/protected/modules/api/extensions/hotelSearch/TPMobileApi.php (55)
in /var/www/adventure-time/web/protected/modules/api/extensions/hotelSearch/PTHotelSearch.php (24)
in /var/www/adventure-time/web/protected/modules/api/extensions/hotelSearch/PTHotelSearch.php (37)
2014/04/05 23:48:20 [error] [php] file_get_contents(http://map.aviasales.ru/prices.json?origin_iata=MOW&amp;period=&amp;direct=false&amp;one_way=false&amp;price=50000&amp;no_visa=true&amp;schengen=true&amp;need_visa=true&amp;locale=ru&amp;currency=rub&amp;min_trip_duration_in_days=13&amp;max_trip_duration_in_days=15): failed to open stream: HTTP request failed!  (/var/www/adventure-time/web/protected/modules/api/extensions/hotelSearch/TPMobileApi.php:92)
Stack trace:
#0 /var/www/adventure-time/web/protected/modules/api/extensions/hotelSearch/PTHotelSearch.php(23): TPMobileApi->getPriceMap()
#1 /var/www/adventure-time/web/protected/modules/api/extensions/hotelSearch/PTHotelSearch.php(37): PTHotelSearch->setFlights()
#2 /var/www/adventure-time/web/protected/modules/api/controllers/ApiDefaultController.php(40): PTHotelSearch->process()
#3 /var/www/adventure-time/web/protected/vendors/framework/yiilite.php(3891): ApiDefaultController->actionSearch()
#4 /var/www/adventure-time/web/protected/vendors/framework/yiilite.php(3403): CInlineAction->runWithParams()
#5 /var/www/adventure-time/web/protected/vendors/framework/yiilite.php(3388): ApiDefaultController->runAction()
#6 /var/www/adventure-time/web/protected/vendors/framework/yiilite.php(3378): ApiDefaultController->runActionWithFilters()
#7 /var/www/adventure-time/web/protected/vendors/framework/yiilite.php(1725): ApiDefaultController->run()
#8 /var/www/adventure-time/web/protected/vendors/framework/yiilite.php(1645): CWebApplication->runController()
#9 /var/www/adventure-time/web/protected/vendors/framework/yiilite.php(1170): CWebApplication->processRequest()
#10 /var/www/adventure-time/web/index.php(21): CWebApplication->run()
REQUEST_URI=/api/search
in /var/www/adventure-time/web/protected/modules/api/extensions/hotelSearch/TPMobileApi.php (92)
in /var/www/adventure-time/web/protected/modules/api/extensions/hotelSearch/TPMobileApi.php (34)
in /var/www/adventure-time/web/protected/modules/api/extensions/hotelSearch/PTHotelSearch.php (23)
2014/04/05 23:49:20 [error] [php] file_get_contents(http://map.aviasales.ru/prices.json?origin_iata=MOW&amp;period=&amp;direct=false&amp;one_way=false&amp;price=50000&amp;no_visa=true&amp;schengen=true&amp;need_visa=true&amp;locale=ru&amp;currency=rub&amp;min_trip_duration_in_days=13&amp;max_trip_duration_in_days=15): failed to open stream: HTTP request failed!  (/var/www/adventure-time/web/protected/modules/api/extensions/hotelSearch/TPMobileApi.php:93)
Stack trace:
#0 /var/www/adventure-time/web/protected/modules/api/extensions/hotelSearch/PTHotelSearch.php(23): TPMobileApi->getPriceMap()
#1 /var/www/adventure-time/web/protected/modules/api/extensions/hotelSearch/PTHotelSearch.php(37): PTHotelSearch->setFlights()
#2 /var/www/adventure-time/web/protected/modules/api/controllers/ApiDefaultController.php(40): PTHotelSearch->process()
#3 /var/www/adventure-time/web/protected/vendors/framework/yiilite.php(3891): ApiDefaultController->actionSearch()
#4 /var/www/adventure-time/web/protected/vendors/framework/yiilite.php(3403): CInlineAction->runWithParams()
#5 /var/www/adventure-time/web/protected/vendors/framework/yiilite.php(3388): ApiDefaultController->runAction()
#6 /var/www/adventure-time/web/protected/vendors/framework/yiilite.php(3378): ApiDefaultController->runActionWithFilters()
#7 /var/www/adventure-time/web/protected/vendors/framework/yiilite.php(1725): ApiDefaultController->run()
#8 /var/www/adventure-time/web/protected/vendors/framework/yiilite.php(1645): CWebApplication->runController()
#9 /var/www/adventure-time/web/protected/vendors/framework/yiilite.php(1170): CWebApplication->processRequest()
#10 /var/www/adventure-time/web/index.php(21): CWebApplication->run()
REQUEST_URI=/api/search
in /var/www/adventure-time/web/protected/modules/api/extensions/hotelSearch/TPMobileApi.php (93)
in /var/www/adventure-time/web/protected/modules/api/extensions/hotelSearch/TPMobileApi.php (34)
in /var/www/adventure-time/web/protected/modules/api/extensions/hotelSearch/PTHotelSearch.php (23)
2014/04/05 23:52:28 [error] [php] file_get_contents(): php_network_getaddresses: getaddrinfo failed: Name or service not known (/var/www/adventure-time/web/protected/modules/api/extensions/hotelSearch/TPMobileApi.php:93)
Stack trace:
#0 /var/www/adventure-time/web/protected/modules/api/extensions/hotelSearch/PTHotelSearch.php(23): TPMobileApi->getPriceMap()
#1 /var/www/adventure-time/web/protected/modules/api/extensions/hotelSearch/PTHotelSearch.php(37): PTHotelSearch->setFlights()
#2 /var/www/adventure-time/web/protected/modules/api/controllers/ApiDefaultController.php(40): PTHotelSearch->process()
#3 /var/www/adventure-time/web/protected/vendors/framework/yiilite.php(3891): ApiDefaultController->actionSearch()
#4 /var/www/adventure-time/web/protected/vendors/framework/yiilite.php(3403): CInlineAction->runWithParams()
#5 /var/www/adventure-time/web/protected/vendors/framework/yiilite.php(3388): ApiDefaultController->runAction()
#6 /var/www/adventure-time/web/protected/vendors/framework/yiilite.php(3378): ApiDefaultController->runActionWithFilters()
#7 /var/www/adventure-time/web/protected/vendors/framework/yiilite.php(1725): ApiDefaultController->run()
#8 /var/www/adventure-time/web/protected/vendors/framework/yiilite.php(1645): CWebApplication->runController()
#9 /var/www/adventure-time/web/protected/vendors/framework/yiilite.php(1170): CWebApplication->processRequest()
#10 /var/www/adventure-time/web/index.php(21): CWebApplication->run()
REQUEST_URI=/api/search
in /var/www/adventure-time/web/protected/modules/api/extensions/hotelSearch/TPMobileApi.php (93)
in /var/www/adventure-time/web/protected/modules/api/extensions/hotelSearch/TPMobileApi.php (34)
in /var/www/adventure-time/web/protected/modules/api/extensions/hotelSearch/PTHotelSearch.php (23)
2014/04/05 23:52:53 [error] [php] file_get_contents(): php_network_getaddresses: getaddrinfo failed: Name or service not known (/var/www/adventure-time/web/protected/modules/api/extensions/hotelSearch/TPMobileApi.php:91)
Stack trace:
#0 /var/www/adventure-time/web/protected/modules/api/extensions/hotelSearch/PTHotelSearch.php(23): TPMobileApi->getPriceMap()
#1 /var/www/adventure-time/web/protected/modules/api/extensions/hotelSearch/PTHotelSearch.php(37): PTHotelSearch->setFlights()
#2 /var/www/adventure-time/web/protected/modules/api/controllers/ApiDefaultController.php(40): PTHotelSearch->process()
#3 /var/www/adventure-time/web/protected/vendors/framework/yiilite.php(3891): ApiDefaultController->actionSearch()
#4 /var/www/adventure-time/web/protected/vendors/framework/yiilite.php(3403): CInlineAction->runWithParams()
#5 /var/www/adventure-time/web/protected/vendors/framework/yiilite.php(3388): ApiDefaultController->runAction()
#6 /var/www/adventure-time/web/protected/vendors/framework/yiilite.php(3378): ApiDefaultController->runActionWithFilters()
#7 /var/www/adventure-time/web/protected/vendors/framework/yiilite.php(1725): ApiDefaultController->run()
#8 /var/www/adventure-time/web/protected/vendors/framework/yiilite.php(1645): CWebApplication->runController()
#9 /var/www/adventure-time/web/protected/vendors/framework/yiilite.php(1170): CWebApplication->processRequest()
#10 /var/www/adventure-time/web/index.php(21): CWebApplication->run()
REQUEST_URI=/api/search
in /var/www/adventure-time/web/protected/modules/api/extensions/hotelSearch/TPMobileApi.php (91)
in /var/www/adventure-time/web/protected/modules/api/extensions/hotelSearch/TPMobileApi.php (34)
in /var/www/adventure-time/web/protected/modules/api/extensions/hotelSearch/PTHotelSearch.php (23)
2014/04/06 10:03:19 [error] [php] Undefined index: HotelList (/var/www/adventure-time/web/protected/modules/api/extensions/hotelSearch/PTHotelSearch.php:62)
Stack trace:
#0 /var/www/adventure-time/web/protected/vendors/framework/yiilite.php(3891): ApiDefaultController->actionSearch()
#1 /var/www/adventure-time/web/protected/vendors/framework/yiilite.php(3403): CInlineAction->runWithParams()
#2 /var/www/adventure-time/web/protected/vendors/framework/yiilite.php(3388): ApiDefaultController->runAction()
#3 /var/www/adventure-time/web/protected/vendors/framework/yiilite.php(3378): ApiDefaultController->runActionWithFilters()
#4 /var/www/adventure-time/web/protected/vendors/framework/yiilite.php(1725): ApiDefaultController->run()
#5 /var/www/adventure-time/web/protected/vendors/framework/yiilite.php(1645): CWebApplication->runController()
#6 /var/www/adventure-time/web/protected/vendors/framework/yiilite.php(1170): CWebApplication->processRequest()
#7 /var/www/adventure-time/web/index.php(21): CWebApplication->run()
REQUEST_URI=/api/search
in /var/www/adventure-time/web/protected/modules/api/extensions/hotelSearch/PTHotelSearch.php (62)
in /var/www/adventure-time/web/protected/modules/api/extensions/hotelSearch/PTHotelSearch.php (40)
in /var/www/adventure-time/web/protected/modules/api/controllers/ApiDefaultController.php (40)
2014/04/06 11:04:51 [error] [php] Undefined offset: 0 (/var/www/adventure-time/web/protected/modules/api/extensions/hotelSearch/PTHotelSearch.php:61)
Stack trace:
#0 /var/www/adventure-time/web/protected/vendors/framework/yiilite.php(3891): ApiDefaultController->actionSearch()
#1 /var/www/adventure-time/web/protected/vendors/framework/yiilite.php(3403): CInlineAction->runWithParams()
#2 /var/www/adventure-time/web/protected/vendors/framework/yiilite.php(3388): ApiDefaultController->runAction()
#3 /var/www/adventure-time/web/protected/vendors/framework/yiilite.php(3378): ApiDefaultController->runActionWithFilters()
#4 /var/www/adventure-time/web/protected/vendors/framework/yiilite.php(1725): ApiDefaultController->run()
#5 /var/www/adventure-time/web/protected/vendors/framework/yiilite.php(1645): CWebApplication->runController()
#6 /var/www/adventure-time/web/protected/vendors/framework/yiilite.php(1170): CWebApplication->processRequest()
#7 /var/www/adventure-time/web/index.php(21): CWebApplication->run()
REQUEST_URI=/api/search
in /var/www/adventure-time/web/protected/modules/api/extensions/hotelSearch/PTHotelSearch.php (61)
in /var/www/adventure-time/web/protected/modules/api/extensions/hotelSearch/PTHotelSearch.php (38)
in /var/www/adventure-time/web/protected/modules/api/controllers/ApiDefaultController.php (40)
2014/04/06 11:46:53 [error] [php] Invalid argument supplied for foreach() (/var/www/adventure-time/web/protected/modules/api/extensions/hotelSearch/TPMobileApi.php:54)
Stack trace:
#0 /var/www/adventure-time/web/protected/modules/api/controllers/ApiDefaultController.php(40): PTHotelSearch->process()
#1 /var/www/adventure-time/web/protected/vendors/framework/yiilite.php(3891): ApiDefaultController->actionSearch()
#2 /var/www/adventure-time/web/protected/vendors/framework/yiilite.php(3403): CInlineAction->runWithParams()
#3 /var/www/adventure-time/web/protected/vendors/framework/yiilite.php(3388): ApiDefaultController->runAction()
#4 /var/www/adventure-time/web/protected/vendors/framework/yiilite.php(3378): ApiDefaultController->runActionWithFilters()
#5 /var/www/adventure-time/web/protected/vendors/framework/yiilite.php(1725): ApiDefaultController->run()
#6 /var/www/adventure-time/web/protected/vendors/framework/yiilite.php(1645): CWebApplication->runController()
#7 /var/www/adventure-time/web/protected/vendors/framework/yiilite.php(1170): CWebApplication->processRequest()
#8 /var/www/adventure-time/web/index.php(21): CWebApplication->run()
REQUEST_URI=/api/search
in /var/www/adventure-time/web/protected/modules/api/extensions/hotelSearch/TPMobileApi.php (54)
in /var/www/adventure-time/web/protected/modules/api/extensions/hotelSearch/PTHotelSearch.php (24)
in /var/www/adventure-time/web/protected/modules/api/extensions/hotelSearch/PTHotelSearch.php (37)
2014/04/06 11:52:40 [error] [php] Undefined index: city (/var/www/adventure-time/web/protected/modules/api/extensions/hotelSearch/PTHotelSearch.php:96)
Stack trace:
#0 /var/www/adventure-time/web/protected/vendors/framework/yiilite.php(3891): ApiDefaultController->actionSearch()
#1 /var/www/adventure-time/web/protected/vendors/framework/yiilite.php(3403): CInlineAction->runWithParams()
#2 /var/www/adventure-time/web/protected/vendors/framework/yiilite.php(3388): ApiDefaultController->runAction()
#3 /var/www/adventure-time/web/protected/vendors/framework/yiilite.php(3378): ApiDefaultController->runActionWithFilters()
#4 /var/www/adventure-time/web/protected/vendors/framework/yiilite.php(1725): ApiDefaultController->run()
#5 /var/www/adventure-time/web/protected/vendors/framework/yiilite.php(1645): CWebApplication->runController()
#6 /var/www/adventure-time/web/protected/vendors/framework/yiilite.php(1170): CWebApplication->processRequest()
#7 /var/www/adventure-time/web/index.php(21): CWebApplication->run()
REQUEST_URI=/api/search
in /var/www/adventure-time/web/protected/modules/api/extensions/hotelSearch/PTHotelSearch.php (96)
in /var/www/adventure-time/web/protected/modules/api/extensions/hotelSearch/PTHotelSearch.php (40)
in /var/www/adventure-time/web/protected/modules/api/controllers/ApiDefaultController.php (42)
2014/04/06 11:53:48 [error] [php] Undefined index: country (/var/www/adventure-time/web/protected/modules/api/extensions/hotelSearch/PTHotelSearch.php:98)
Stack trace:
#0 /var/www/adventure-time/web/protected/vendors/framework/yiilite.php(3891): ApiDefaultController->actionSearch()
#1 /var/www/adventure-time/web/protected/vendors/framework/yiilite.php(3403): CInlineAction->runWithParams()
#2 /var/www/adventure-time/web/protected/vendors/framework/yiilite.php(3388): ApiDefaultController->runAction()
#3 /var/www/adventure-time/web/protected/vendors/framework/yiilite.php(3378): ApiDefaultController->runActionWithFilters()
#4 /var/www/adventure-time/web/protected/vendors/framework/yiilite.php(1725): ApiDefaultController->run()
#5 /var/www/adventure-time/web/protected/vendors/framework/yiilite.php(1645): CWebApplication->runController()
#6 /var/www/adventure-time/web/protected/vendors/framework/yiilite.php(1170): CWebApplication->processRequest()
#7 /var/www/adventure-time/web/index.php(21): CWebApplication->run()
REQUEST_URI=/api/search
in /var/www/adventure-time/web/protected/modules/api/extensions/hotelSearch/PTHotelSearch.php (98)
in /var/www/adventure-time/web/protected/modules/api/extensions/hotelSearch/PTHotelSearch.php (40)
in /var/www/adventure-time/web/protected/modules/api/controllers/ApiDefaultController.php (42)
2014/04/06 11:55:38 [error] [php] Illegal string offset 'airportCode' (/var/www/adventure-time/web/protected/modules/api/extensions/hotelSearch/PTHotelSearch.php:125)
Stack trace:
#0 /var/www/adventure-time/web/protected/vendors/framework/yiilite.php(3891): ApiDefaultController->actionSearch()
#1 /var/www/adventure-time/web/protected/vendors/framework/yiilite.php(3403): CInlineAction->runWithParams()
#2 /var/www/adventure-time/web/protected/vendors/framework/yiilite.php(3388): ApiDefaultController->runAction()
#3 /var/www/adventure-time/web/protected/vendors/framework/yiilite.php(3378): ApiDefaultController->runActionWithFilters()
#4 /var/www/adventure-time/web/protected/vendors/framework/yiilite.php(1725): ApiDefaultController->run()
#5 /var/www/adventure-time/web/protected/vendors/framework/yiilite.php(1645): CWebApplication->runController()
#6 /var/www/adventure-time/web/protected/vendors/framework/yiilite.php(1170): CWebApplication->processRequest()
#7 /var/www/adventure-time/web/index.php(21): CWebApplication->run()
REQUEST_URI=/api/search
in /var/www/adventure-time/web/protected/modules/api/extensions/hotelSearch/PTHotelSearch.php (125)
in /var/www/adventure-time/web/protected/modules/api/extensions/hotelSearch/PTHotelSearch.php (42)
in /var/www/adventure-time/web/protected/modules/api/controllers/ApiDefaultController.php (42)
2014/04/06 11:57:42 [error] [php] Illegal string offset 'airportCode' (/var/www/adventure-time/web/protected/modules/api/extensions/hotelSearch/PTHotelSearch.php:125)
Stack trace:
#0 /var/www/adventure-time/web/protected/vendors/framework/yiilite.php(3891): ApiDefaultController->actionSearch()
#1 /var/www/adventure-time/web/protected/vendors/framework/yiilite.php(3403): CInlineAction->runWithParams()
#2 /var/www/adventure-time/web/protected/vendors/framework/yiilite.php(3388): ApiDefaultController->runAction()
#3 /var/www/adventure-time/web/protected/vendors/framework/yiilite.php(3378): ApiDefaultController->runActionWithFilters()
#4 /var/www/adventure-time/web/protected/vendors/framework/yiilite.php(1725): ApiDefaultController->run()
#5 /var/www/adventure-time/web/protected/vendors/framework/yiilite.php(1645): CWebApplication->runController()
#6 /var/www/adventure-time/web/protected/vendors/framework/yiilite.php(1170): CWebApplication->processRequest()
#7 /var/www/adventure-time/web/index.php(21): CWebApplication->run()
REQUEST_URI=/api/search
in /var/www/adventure-time/web/protected/modules/api/extensions/hotelSearch/PTHotelSearch.php (125)
in /var/www/adventure-time/web/protected/modules/api/extensions/hotelSearch/PTHotelSearch.php (42)
in /var/www/adventure-time/web/protected/modules/api/controllers/ApiDefaultController.php (42)
2014/04/06 12:00:10 [error] [php] Illegal string offset 'airportCode' (/var/www/adventure-time/web/protected/modules/api/extensions/hotelSearch/PTHotelSearch.php:125)
Stack trace:
#0 /var/www/adventure-time/web/protected/vendors/framework/yiilite.php(3891): ApiDefaultController->actionSearch()
#1 /var/www/adventure-time/web/protected/vendors/framework/yiilite.php(3403): CInlineAction->runWithParams()
#2 /var/www/adventure-time/web/protected/vendors/framework/yiilite.php(3388): ApiDefaultController->runAction()
#3 /var/www/adventure-time/web/protected/vendors/framework/yiilite.php(3378): ApiDefaultController->runActionWithFilters()
#4 /var/www/adventure-time/web/protected/vendors/framework/yiilite.php(1725): ApiDefaultController->run()
#5 /var/www/adventure-time/web/protected/vendors/framework/yiilite.php(1645): CWebApplication->runController()
#6 /var/www/adventure-time/web/protected/vendors/framework/yiilite.php(1170): CWebApplication->processRequest()
#7 /var/www/adventure-time/web/index.php(21): CWebApplication->run()
REQUEST_URI=/api/search
in /var/www/adventure-time/web/protected/modules/api/extensions/hotelSearch/PTHotelSearch.php (125)
in /var/www/adventure-time/web/protected/modules/api/extensions/hotelSearch/PTHotelSearch.php (42)
in /var/www/adventure-time/web/protected/modules/api/controllers/ApiDefaultController.php (42)
2014/04/06 12:58:15 [error] [php] http_build_query() expects parameter 2 to be string, array given (/var/www/adventure-time/web/protected/modules/api/extensions/hotelSearch/TPMobileApi.php:98)
Stack trace:
#0 /var/www/adventure-time/web/protected/modules/api/extensions/hotelSearch/PTHotelSearch.php(37): TPMobileApi->getPriceMap()
#1 /var/www/adventure-time/web/protected/modules/api/extensions/hotelSearch/PTHotelSearch.php(19): PTHotelSearch->setFlights()
#2 /var/www/adventure-time/web/protected/modules/api/controllers/ApiDefaultController.php(32): PTHotelSearch->process()
#3 /var/www/adventure-time/web/protected/vendors/framework/yiilite.php(3891): ApiDefaultController->actionSearch()
#4 /var/www/adventure-time/web/protected/vendors/framework/yiilite.php(3403): CInlineAction->runWithParams()
#5 /var/www/adventure-time/web/protected/vendors/framework/yiilite.php(3388): ApiDefaultController->runAction()
#6 /var/www/adventure-time/web/protected/vendors/framework/yiilite.php(3378): ApiDefaultController->runActionWithFilters()
#7 /var/www/adventure-time/web/protected/vendors/framework/yiilite.php(1725): ApiDefaultController->run()
#8 /var/www/adventure-time/web/protected/vendors/framework/yiilite.php(1645): CWebApplication->runController()
#9 /var/www/adventure-time/web/protected/vendors/framework/yiilite.php(1170): CWebApplication->processRequest()
#10 /var/www/adventure-time/web/index.php(21): CWebApplication->run()
REQUEST_URI=/api/search
in /var/www/adventure-time/web/protected/modules/api/extensions/hotelSearch/TPMobileApi.php (98)
in /var/www/adventure-time/web/protected/modules/api/extensions/hotelSearch/TPMobileApi.php (34)
in /var/www/adventure-time/web/protected/modules/api/extensions/hotelSearch/PTHotelSearch.php (37)
2014/04/06 12:58:34 [error] [php] http_build_query() expects parameter 2 to be string, array given (/var/www/adventure-time/web/protected/modules/api/extensions/hotelSearch/TPMobileApi.php:98)
Stack trace:
#0 /var/www/adventure-time/web/protected/modules/api/extensions/hotelSearch/PTHotelSearch.php(37): TPMobileApi->getPriceMap()
#1 /var/www/adventure-time/web/protected/modules/api/extensions/hotelSearch/PTHotelSearch.php(19): PTHotelSearch->setFlights()
#2 /var/www/adventure-time/web/protected/modules/api/controllers/ApiDefaultController.php(32): PTHotelSearch->process()
#3 /var/www/adventure-time/web/protected/vendors/framework/yiilite.php(3891): ApiDefaultController->actionSearch()
#4 /var/www/adventure-time/web/protected/vendors/framework/yiilite.php(3403): CInlineAction->runWithParams()
#5 /var/www/adventure-time/web/protected/vendors/framework/yiilite.php(3388): ApiDefaultController->runAction()
#6 /var/www/adventure-time/web/protected/vendors/framework/yiilite.php(3378): ApiDefaultController->runActionWithFilters()
#7 /var/www/adventure-time/web/protected/vendors/framework/yiilite.php(1725): ApiDefaultController->run()
#8 /var/www/adventure-time/web/protected/vendors/framework/yiilite.php(1645): CWebApplication->runController()
#9 /var/www/adventure-time/web/protected/vendors/framework/yiilite.php(1170): CWebApplication->processRequest()
#10 /var/www/adventure-time/web/index.php(21): CWebApplication->run()
REQUEST_URI=/api/search
in /var/www/adventure-time/web/protected/modules/api/extensions/hotelSearch/TPMobileApi.php (98)
in /var/www/adventure-time/web/protected/modules/api/extensions/hotelSearch/TPMobileApi.php (34)
in /var/www/adventure-time/web/protected/modules/api/extensions/hotelSearch/PTHotelSearch.php (37)
2014/04/06 12:59:00 [error] [php] array_merge(): Argument #1 is not an array (/var/www/adventure-time/web/protected/modules/api/extensions/hotelSearch/TPMobileApi.php:102)
Stack trace:
#0 /var/www/adventure-time/web/protected/modules/api/extensions/hotelSearch/PTHotelSearch.php(37): TPMobileApi->getPriceMap()
#1 /var/www/adventure-time/web/protected/modules/api/extensions/hotelSearch/PTHotelSearch.php(19): PTHotelSearch->setFlights()
#2 /var/www/adventure-time/web/protected/modules/api/controllers/ApiDefaultController.php(32): PTHotelSearch->process()
#3 /var/www/adventure-time/web/protected/vendors/framework/yiilite.php(3891): ApiDefaultController->actionSearch()
#4 /var/www/adventure-time/web/protected/vendors/framework/yiilite.php(3403): CInlineAction->runWithParams()
#5 /var/www/adventure-time/web/protected/vendors/framework/yiilite.php(3388): ApiDefaultController->runAction()
#6 /var/www/adventure-time/web/protected/vendors/framework/yiilite.php(3378): ApiDefaultController->runActionWithFilters()
#7 /var/www/adventure-time/web/protected/vendors/framework/yiilite.php(1725): ApiDefaultController->run()
#8 /var/www/adventure-time/web/protected/vendors/framework/yiilite.php(1645): CWebApplication->runController()
#9 /var/www/adventure-time/web/protected/vendors/framework/yiilite.php(1170): CWebApplication->processRequest()
#10 /var/www/adventure-time/web/index.php(21): CWebApplication->run()
REQUEST_URI=/api/search
in /var/www/adventure-time/web/protected/modules/api/extensions/hotelSearch/TPMobileApi.php (102)
in /var/www/adventure-time/web/protected/modules/api/extensions/hotelSearch/TPMobileApi.php (34)
in /var/www/adventure-time/web/protected/modules/api/extensions/hotelSearch/PTHotelSearch.php (37)
2014/04/06 12:59:43 [error] [php] Array to string conversion (/var/www/adventure-time/web/protected/modules/api/extensions/hotelSearch/TPMobileApi.php:102)
Stack trace:
#0 /var/www/adventure-time/web/protected/modules/api/extensions/hotelSearch/PTHotelSearch.php(19): PTHotelSearch->setFlights()
#1 /var/www/adventure-time/web/protected/modules/api/controllers/ApiDefaultController.php(32): PTHotelSearch->process()
#2 /var/www/adventure-time/web/protected/vendors/framework/yiilite.php(3891): ApiDefaultController->actionSearch()
#3 /var/www/adventure-time/web/protected/vendors/framework/yiilite.php(3403): CInlineAction->runWithParams()
#4 /var/www/adventure-time/web/protected/vendors/framework/yiilite.php(3388): ApiDefaultController->runAction()
#5 /var/www/adventure-time/web/protected/vendors/framework/yiilite.php(3378): ApiDefaultController->runActionWithFilters()
#6 /var/www/adventure-time/web/protected/vendors/framework/yiilite.php(1725): ApiDefaultController->run()
#7 /var/www/adventure-time/web/protected/vendors/framework/yiilite.php(1645): CWebApplication->runController()
#8 /var/www/adventure-time/web/protected/vendors/framework/yiilite.php(1170): CWebApplication->processRequest()
#9 /var/www/adventure-time/web/index.php(21): CWebApplication->run()
REQUEST_URI=/api/search
in /var/www/adventure-time/web/protected/modules/api/extensions/hotelSearch/TPMobileApi.php (102)
in /var/www/adventure-time/web/protected/modules/api/extensions/hotelSearch/TPMobileApi.php (34)
in /var/www/adventure-time/web/protected/modules/api/extensions/hotelSearch/PTHotelSearch.php (37)
2014/04/06 13:01:42 [error] [php] json_decode() expects parameter 1 to be string, array given (/var/www/adventure-time/web/protected/modules/api/extensions/hotelSearch/TPMobileApi.php:102)
Stack trace:
#0 /var/www/adventure-time/web/protected/modules/api/extensions/hotelSearch/PTHotelSearch.php(37): TPMobileApi->getPriceMap()
#1 /var/www/adventure-time/web/protected/modules/api/extensions/hotelSearch/PTHotelSearch.php(19): PTHotelSearch->setFlights()
#2 /var/www/adventure-time/web/protected/modules/api/controllers/ApiDefaultController.php(32): PTHotelSearch->process()
#3 /var/www/adventure-time/web/protected/vendors/framework/yiilite.php(3891): ApiDefaultController->actionSearch()
#4 /var/www/adventure-time/web/protected/vendors/framework/yiilite.php(3403): CInlineAction->runWithParams()
#5 /var/www/adventure-time/web/protected/vendors/framework/yiilite.php(3388): ApiDefaultController->runAction()
#6 /var/www/adventure-time/web/protected/vendors/framework/yiilite.php(3378): ApiDefaultController->runActionWithFilters()
#7 /var/www/adventure-time/web/protected/vendors/framework/yiilite.php(1725): ApiDefaultController->run()
#8 /var/www/adventure-time/web/protected/vendors/framework/yiilite.php(1645): CWebApplication->runController()
#9 /var/www/adventure-time/web/protected/vendors/framework/yiilite.php(1170): CWebApplication->processRequest()
#10 /var/www/adventure-time/web/index.php(21): CWebApplication->run()
REQUEST_URI=/api/search
in /var/www/adventure-time/web/protected/modules/api/extensions/hotelSearch/TPMobileApi.php (102)
in /var/www/adventure-time/web/protected/modules/api/extensions/hotelSearch/TPMobileApi.php (34)
in /var/www/adventure-time/web/protected/modules/api/extensions/hotelSearch/PTHotelSearch.php (37)
2014/04/06 13:02:13 [error] [php] Array to string conversion (/var/www/adventure-time/web/protected/modules/api/extensions/hotelSearch/TPMobileApi.php:102)
Stack trace:
#0 /var/www/adventure-time/web/protected/modules/api/extensions/hotelSearch/PTHotelSearch.php(19): PTHotelSearch->setFlights()
#1 /var/www/adventure-time/web/protected/modules/api/controllers/ApiDefaultController.php(32): PTHotelSearch->process()
#2 /var/www/adventure-time/web/protected/vendors/framework/yiilite.php(3891): ApiDefaultController->actionSearch()
#3 /var/www/adventure-time/web/protected/vendors/framework/yiilite.php(3403): CInlineAction->runWithParams()
#4 /var/www/adventure-time/web/protected/vendors/framework/yiilite.php(3388): ApiDefaultController->runAction()
#5 /var/www/adventure-time/web/protected/vendors/framework/yiilite.php(3378): ApiDefaultController->runActionWithFilters()
#6 /var/www/adventure-time/web/protected/vendors/framework/yiilite.php(1725): ApiDefaultController->run()
#7 /var/www/adventure-time/web/protected/vendors/framework/yiilite.php(1645): CWebApplication->runController()
#8 /var/www/adventure-time/web/protected/vendors/framework/yiilite.php(1170): CWebApplication->processRequest()
#9 /var/www/adventure-time/web/index.php(21): CWebApplication->run()
REQUEST_URI=/api/search
in /var/www/adventure-time/web/protected/modules/api/extensions/hotelSearch/TPMobileApi.php (102)
in /var/www/adventure-time/web/protected/modules/api/extensions/hotelSearch/TPMobileApi.php (34)
in /var/www/adventure-time/web/protected/modules/api/extensions/hotelSearch/PTHotelSearch.php (37)
2014/04/06 13:07:33 [error] [php] Array to string conversion (/var/www/adventure-time/web/protected/modules/api/extensions/hotelSearch/TPMobileApi.php:99)
Stack trace:
#0 /var/www/adventure-time/web/protected/modules/api/extensions/hotelSearch/PTHotelSearch.php(19): PTHotelSearch->setFlights()
#1 /var/www/adventure-time/web/protected/modules/api/controllers/ApiDefaultController.php(32): PTHotelSearch->process()
#2 /var/www/adventure-time/web/protected/vendors/framework/yiilite.php(3891): ApiDefaultController->actionSearch()
#3 /var/www/adventure-time/web/protected/vendors/framework/yiilite.php(3403): CInlineAction->runWithParams()
#4 /var/www/adventure-time/web/protected/vendors/framework/yiilite.php(3388): ApiDefaultController->runAction()
#5 /var/www/adventure-time/web/protected/vendors/framework/yiilite.php(3378): ApiDefaultController->runActionWithFilters()
#6 /var/www/adventure-time/web/protected/vendors/framework/yiilite.php(1725): ApiDefaultController->run()
#7 /var/www/adventure-time/web/protected/vendors/framework/yiilite.php(1645): CWebApplication->runController()
#8 /var/www/adventure-time/web/protected/vendors/framework/yiilite.php(1170): CWebApplication->processRequest()
#9 /var/www/adventure-time/web/index.php(21): CWebApplication->run()
REQUEST_URI=/api/search
in /var/www/adventure-time/web/protected/modules/api/extensions/hotelSearch/TPMobileApi.php (99)
in /var/www/adventure-time/web/protected/modules/api/extensions/hotelSearch/TPMobileApi.php (34)
in /var/www/adventure-time/web/protected/modules/api/extensions/hotelSearch/PTHotelSearch.php (37)
2014/04/06 15:07:56 [error] [exception.CHttpException.404] exception 'CHttpException' with message 'Page not found' in /var/www/adventure-time/web/protected/modules/base/modules/page/controllers/DefaultController.php:8
Stack trace:
#0 /var/www/adventure-time/web/protected/vendors/framework/yiilite.php(3891): DefaultController->actionView()
#1 /var/www/adventure-time/web/protected/vendors/framework/yiilite.php(3403): CInlineAction->runWithParams(Array)
#2 /var/www/adventure-time/web/protected/vendors/framework/yiilite.php(3388): CController->runAction(Object(CInlineAction))
#3 /var/www/adventure-time/web/protected/vendors/framework/yiilite.php(3378): CController->runActionWithFilters(Object(CInlineAction), Array)
#4 /var/www/adventure-time/web/protected/vendors/framework/yiilite.php(1725): CController->run('view')
#5 /var/www/adventure-time/web/protected/vendors/framework/yiilite.php(1645): CWebApplication->runController('page/default/vi...')
#6 /var/www/adventure-time/web/protected/vendors/framework/yiilite.php(1170): CWebApplication->processRequest()
#7 /var/www/adventure-time/web/index.php(21): CApplication->run()
#8 {main}
REQUEST_URI=/api//testFlight
---
2014/04/06 16:28:50 [error] [exception.CHttpException.404] exception 'CHttpException' with message 'The system is unable to find the requested action "testFligth".' in /var/www/adventure-time/web/protected/vendors/framework/yiilite.php:3501
Stack trace:
#0 /var/www/adventure-time/web/protected/vendors/framework/yiilite.php(3383): CController->missingAction('testFligth')
#1 /var/www/adventure-time/web/protected/vendors/framework/yiilite.php(1725): CController->run('testFligth')
#2 /var/www/adventure-time/web/protected/vendors/framework/yiilite.php(1645): CWebApplication->runController('api/apiDefault/...')
#3 /var/www/adventure-time/web/protected/vendors/framework/yiilite.php(1170): CWebApplication->processRequest()
#4 /var/www/adventure-time/web/index.php(21): CApplication->run()
#5 {main}
REQUEST_URI=/api/testFligth
---
2014/04/06 16:51:25 [error] [php] file_get_contents(/var/www/adventure-time/web/protected/modules/api/extensions/hotelSearch_airports.php): failed to open stream: No such file or directory (/var/www/adventure-time/web/protected/modules/api/controllers/ApiDefaultController.php:75)
Stack trace:
#0 /var/www/adventure-time/web/protected/vendors/framework/yiilite.php(3403): CInlineAction->runWithParams()
#1 /var/www/adventure-time/web/protected/vendors/framework/yiilite.php(3388): ApiDefaultController->runAction()
#2 /var/www/adventure-time/web/protected/vendors/framework/yiilite.php(3378): ApiDefaultController->runActionWithFilters()
#3 /var/www/adventure-time/web/protected/vendors/framework/yiilite.php(1725): ApiDefaultController->run()
#4 /var/www/adventure-time/web/protected/vendors/framework/yiilite.php(1645): CWebApplication->runController()
#5 /var/www/adventure-time/web/protected/vendors/framework/yiilite.php(1170): CWebApplication->processRequest()
#6 /var/www/adventure-time/web/index.php(21): CWebApplication->run()
REQUEST_URI=/api/test
in /var/www/adventure-time/web/protected/modules/api/controllers/ApiDefaultController.php (75)
in /var/www/adventure-time/web/index.php (21)
2014/04/06 17:05:13 [error] [php] Undefined index: Russia (/var/www/adventure-time/web/protected/modules/api/extensions/hotelSearch/TPMobileApi.php:110)
Stack trace:
#0 /var/www/adventure-time/web/protected/modules/api/extensions/hotelSearch/PTHotelSearch.php(19): PTHotelSearch->setFlights()
#1 /var/www/adventure-time/web/protected/modules/api/controllers/ApiDefaultController.php(34): PTHotelSearch->process()
#2 /var/www/adventure-time/web/protected/vendors/framework/yiilite.php(3891): ApiDefaultController->actionSearch()
#3 /var/www/adventure-time/web/protected/vendors/framework/yiilite.php(3403): CInlineAction->runWithParams()
#4 /var/www/adventure-time/web/protected/vendors/framework/yiilite.php(3388): ApiDefaultController->runAction()
#5 /var/www/adventure-time/web/protected/vendors/framework/yiilite.php(3378): ApiDefaultController->runActionWithFilters()
#6 /var/www/adventure-time/web/protected/vendors/framework/yiilite.php(1725): ApiDefaultController->run()
#7 /var/www/adventure-time/web/protected/vendors/framework/yiilite.php(1645): CWebApplication->runController()
#8 /var/www/adventure-time/web/protected/vendors/framework/yiilite.php(1170): CWebApplication->processRequest()
#9 /var/www/adventure-time/web/index.php(21): CWebApplication->run()
REQUEST_URI=/api/search
in /var/www/adventure-time/web/protected/modules/api/extensions/hotelSearch/TPMobileApi.php (110)
in /var/www/adventure-time/web/protected/modules/api/extensions/hotelSearch/TPMobileApi.php (34)
in /var/www/adventure-time/web/protected/modules/api/extensions/hotelSearch/PTHotelSearch.php (37)
2014/04/06 17:25:54 [error] [php] Undefined index: Macedonia (/var/www/adventure-time/web/protected/modules/api/controllers/ApiDefaultController.php:79)
Stack trace:
#0 /var/www/adventure-time/web/protected/vendors/framework/yiilite.php(3388): ApiDefaultController->runAction()
#1 /var/www/adventure-time/web/protected/vendors/framework/yiilite.php(3378): ApiDefaultController->runActionWithFilters()
#2 /var/www/adventure-time/web/protected/vendors/framework/yiilite.php(1725): ApiDefaultController->run()
#3 /var/www/adventure-time/web/protected/vendors/framework/yiilite.php(1645): CWebApplication->runController()
#4 /var/www/adventure-time/web/protected/vendors/framework/yiilite.php(1170): CWebApplication->processRequest()
#5 /var/www/adventure-time/web/index.php(21): CWebApplication->run()
REQUEST_URI=/api/test
in /var/www/adventure-time/web/protected/modules/api/controllers/ApiDefaultController.php (79)
in /var/www/adventure-time/web/index.php (21)
2014/04/07 14:53:03 [error] [exception.CException] exception 'CException' with message 'Alias "api.exptensions.hotelSearch._airports" is invalid. Make sure it points to an existing PHP file and the file is readable.' in /var/www/adventure-time/web/protected/vendors/framework/yiilite.php:159
Stack trace:
#0 /var/www/adventure-time/web/protected/modules/api/controllers/ApiDefaultController.php(80): YiiBase::import('api.exptensions...', true)
#1 /var/www/adventure-time/web/protected/vendors/framework/yiilite.php(3891): ApiDefaultController->actionTest()
#2 /var/www/adventure-time/web/protected/vendors/framework/yiilite.php(3403): CInlineAction->runWithParams(Array)
#3 /var/www/adventure-time/web/protected/vendors/framework/yiilite.php(3388): CController->runAction(Object(CInlineAction))
#4 /var/www/adventure-time/web/protected/vendors/framework/yiilite.php(3378): CController->runActionWithFilters(Object(CInlineAction), Array)
#5 /var/www/adventure-time/web/protected/vendors/framework/yiilite.php(1725): CController->run('test')
#6 /var/www/adventure-time/web/protected/vendors/framework/yiilite.php(1645): CWebApplication->runController('api/apiDefault/...')
#7 /var/www/adventure-time/web/protected/vendors/framework/yiilite.php(1170): CWebApplication->processRequest()
#8 /var/www/adventure-time/web/index.php(21): CApplication->run()
#9 {main}
REQUEST_URI=/api/test
---
2014/04/07 14:53:57 [error] [php] include(/var/www/adventure-time/web/protected/modules/api/exptensions/hotelSearch/_airports.php): failed to open stream: No such file or directory (/var/www/adventure-time/web/protected/modules/api/controllers/ApiDefaultController.php:80)
Stack trace:
#0 /var/www/adventure-time/web/protected/vendors/framework/yiilite.php(3403): CInlineAction->runWithParams()
#1 /var/www/adventure-time/web/protected/vendors/framework/yiilite.php(3388): ApiDefaultController->runAction()
#2 /var/www/adventure-time/web/protected/vendors/framework/yiilite.php(3378): ApiDefaultController->runActionWithFilters()
#3 /var/www/adventure-time/web/protected/vendors/framework/yiilite.php(1725): ApiDefaultController->run()
#4 /var/www/adventure-time/web/protected/vendors/framework/yiilite.php(1645): CWebApplication->runController()
#5 /var/www/adventure-time/web/protected/vendors/framework/yiilite.php(1170): CWebApplication->processRequest()
#6 /var/www/adventure-time/web/index.php(21): CWebApplication->run()
REQUEST_URI=/api/test
in /var/www/adventure-time/web/protected/modules/api/controllers/ApiDefaultController.php (80)
in /var/www/adventure-time/web/protected/modules/api/controllers/ApiDefaultController.php (80)
in /var/www/adventure-time/web/index.php (21)
2014/04/07 14:54:31 [error] [php] Invalid argument supplied for foreach() (/var/www/adventure-time/web/protected/modules/api/controllers/ApiDefaultController.php:81)
Stack trace:
#0 /var/www/adventure-time/web/protected/vendors/framework/yiilite.php(3388): ApiDefaultController->runAction()
#1 /var/www/adventure-time/web/protected/vendors/framework/yiilite.php(3378): ApiDefaultController->runActionWithFilters()
#2 /var/www/adventure-time/web/protected/vendors/framework/yiilite.php(1725): ApiDefaultController->run()
#3 /var/www/adventure-time/web/protected/vendors/framework/yiilite.php(1645): CWebApplication->runController()
#4 /var/www/adventure-time/web/protected/vendors/framework/yiilite.php(1170): CWebApplication->processRequest()
#5 /var/www/adventure-time/web/index.php(21): CWebApplication->run()
REQUEST_URI=/api/test
in /var/www/adventure-time/web/protected/modules/api/controllers/ApiDefaultController.php (81)
in /var/www/adventure-time/web/index.php (21)
2014/04/07 14:55:20 [error] [php] file_put_contents(/var/www/adventure-time/web/protected/modules/api/extensions/hotelSearch/_airportsSimple.php): failed to open stream: Permission denied (/var/www/adventure-time/web/protected/modules/api/controllers/ApiDefaultController.php:92)
Stack trace:
#0 /var/www/adventure-time/web/protected/vendors/framework/yiilite.php(3403): CInlineAction->runWithParams()
#1 /var/www/adventure-time/web/protected/vendors/framework/yiilite.php(3388): ApiDefaultController->runAction()
#2 /var/www/adventure-time/web/protected/vendors/framework/yiilite.php(3378): ApiDefaultController->runActionWithFilters()
#3 /var/www/adventure-time/web/protected/vendors/framework/yiilite.php(1725): ApiDefaultController->run()
#4 /var/www/adventure-time/web/protected/vendors/framework/yiilite.php(1645): CWebApplication->runController()
#5 /var/www/adventure-time/web/protected/vendors/framework/yiilite.php(1170): CWebApplication->processRequest()
#6 /var/www/adventure-time/web/index.php(21): CWebApplication->run()
REQUEST_URI=/api/test
in /var/www/adventure-time/web/protected/modules/api/controllers/ApiDefaultController.php (92)
in /var/www/adventure-time/web/index.php (21)
2014/04/07 14:55:56 [error] [php] file_put_contents(/var/www/adventure-time/web/protected/modules/api/extensions/hotelSearch/_airportsSimple.php): failed to open stream: Permission denied (/var/www/adventure-time/web/protected/modules/api/controllers/ApiDefaultController.php:92)
Stack trace:
#0 /var/www/adventure-time/web/protected/vendors/framework/yiilite.php(3403): CInlineAction->runWithParams()
#1 /var/www/adventure-time/web/protected/vendors/framework/yiilite.php(3388): ApiDefaultController->runAction()
#2 /var/www/adventure-time/web/protected/vendors/framework/yiilite.php(3378): ApiDefaultController->runActionWithFilters()
#3 /var/www/adventure-time/web/protected/vendors/framework/yiilite.php(1725): ApiDefaultController->run()
#4 /var/www/adventure-time/web/protected/vendors/framework/yiilite.php(1645): CWebApplication->runController()
#5 /var/www/adventure-time/web/protected/vendors/framework/yiilite.php(1170): CWebApplication->processRequest()
#6 /var/www/adventure-time/web/index.php(21): CWebApplication->run()
REQUEST_URI=/api/test
in /var/www/adventure-time/web/protected/modules/api/controllers/ApiDefaultController.php (92)
in /var/www/adventure-time/web/index.php (21)
2014/04/07 14:56:52 [error] [php] Array to string conversion (/var/www/adventure-time/web/protected/modules/api/controllers/ApiDefaultController.php:92)
Stack trace:
#0 /var/www/adventure-time/web/protected/vendors/framework/yiilite.php(3403): CInlineAction->runWithParams()
#1 /var/www/adventure-time/web/protected/vendors/framework/yiilite.php(3388): ApiDefaultController->runAction()
#2 /var/www/adventure-time/web/protected/vendors/framework/yiilite.php(3378): ApiDefaultController->runActionWithFilters()
#3 /var/www/adventure-time/web/protected/vendors/framework/yiilite.php(1725): ApiDefaultController->run()
#4 /var/www/adventure-time/web/protected/vendors/framework/yiilite.php(1645): CWebApplication->runController()
#5 /var/www/adventure-time/web/protected/vendors/framework/yiilite.php(1170): CWebApplication->processRequest()
#6 /var/www/adventure-time/web/index.php(21): CWebApplication->run()
REQUEST_URI=/api/test
in /var/www/adventure-time/web/protected/modules/api/controllers/ApiDefaultController.php (92)
in /var/www/adventure-time/web/index.php (21)
